<?xml version="1.0" encoding="UTF-8"?>
<robot generator="Robot 7.2.2 (Python 3.12.5 on win32)" generated="2025-04-24T21:35:12.119419" rpa="false" schemaversion="5">
<suite id="s1" name="Topic 17 Process" source="C:\Users\xghus\PycharmProjects\demorobot\TestSuite\Homework\Topic_17_Process.robot">
<test id="s1-t1" name="Wait For Process" line="58">
<kw name="Start Process" owner="Process">
<msg time="2025-04-24T21:35:12.371494" level="INFO">Starting process:
ping 127.0.0.1 -n 3</msg>
<msg time="2025-04-24T21:35:12.377984" level="INFO">${pid} = &lt;Popen: returncode: None args: ['ping', '127.0.0.1', '-n', '3']&gt;</msg>
<var>${pid}</var>
<arg>ping</arg>
<arg>127.0.0.1</arg>
<arg>-n</arg>
<arg>3</arg>
<doc>Starts a new process on background.</doc>
<status status="PASS" start="2025-04-24T21:35:12.370494" elapsed="0.007490"/>
</kw>
<kw name="Wait For Process" owner="Process">
<msg time="2025-04-24T21:35:12.378984" level="INFO">Waiting for process to complete.</msg>
<msg time="2025-04-24T21:35:14.410049" level="INFO">Process completed.</msg>
<msg time="2025-04-24T21:35:14.410049" level="INFO">${rc} = &lt;result object with rc 0&gt;</msg>
<var>${rc}</var>
<arg>${pid}</arg>
<doc>Waits for the process to complete or to reach the given timeout.</doc>
<status status="PASS" start="2025-04-24T21:35:12.378984" elapsed="2.031065"/>
</kw>
<kw name="Should Be Equal As Integers" owner="BuiltIn">
<msg time="2025-04-24T21:35:14.411396" level="INFO">Argument types are:
&lt;class 'robot.libraries.Process.ExecutionResult'&gt;
&lt;class 'str'&gt;</msg>
<msg time="2025-04-24T21:35:14.411396" level="FAIL">'&lt;result object with rc 0&gt;' cannot be converted to an integer: TypeError: int() argument must be a string, a bytes-like object or a real number, not 'ExecutionResult'</msg>
<arg>${rc}</arg>
<arg>0</arg>
<doc>Fails if objects are unequal after converting them to integers.</doc>
<status status="FAIL" start="2025-04-24T21:35:14.411396" elapsed="0.000000">'&lt;result object with rc 0&gt;' cannot be converted to an integer: TypeError: int() argument must be a string, a bytes-like object or a real number, not 'ExecutionResult'</status>
</kw>
<status status="FAIL" start="2025-04-24T21:35:12.369494" elapsed="2.041902">'&lt;result object with rc 0&gt;' cannot be converted to an integer: TypeError: int() argument must be a string, a bytes-like object or a real number, not 'ExecutionResult'</status>
</test>
<status status="FAIL" start="2025-04-24T21:35:12.137320" elapsed="2.275080"/>
</suite>
<statistics>
<total>
<stat pass="0" fail="1" skip="0">All Tests</stat>
</total>
<tag>
</tag>
<suite>
<stat name="Topic 17 Process" id="s1" pass="0" fail="1" skip="0">Topic 17 Process</stat>
</suite>
</statistics>
<errors>
</errors>
</robot>
