<?xml version="1.0" encoding="UTF-8"?>
<robot generator="Robot 7.0.1 (Python 3.12.5 on win32)" generated="2025-03-20T22:46:14.844018" rpa="false" schemaversion="5">
<suite id="s1" name="Topic 08 MouseAction" source="C:\Users\xghus\PycharmProjects\demorobot\TestSuite\Homework\Topic_08_MouseAction.robot">
<test id="s1-t1" name="TC 03" line="67">
<kw name="Log To Console" owner="BuiltIn">
<arg>S1: Open website https://automationfc.github.io/basic-form/index.html#</arg>
<doc>Logs the given message to the console.</doc>
<status status="PASS" start="2025-03-20T22:46:15.115814" elapsed="0.000000"/>
</kw>
<kw name="Open Browser" owner="SeleniumLibrary">
<msg time="2025-03-20T22:46:15.116873" level="INFO">Opening browser 'chrome' to base url 'https://automationfc.github.io/basic-form/index.html#'.</msg>
<arg>${url_tc3}</arg>
<arg>${browser}</arg>
<doc>Opens a new browser instance to the optional ``url``.</doc>
<status status="PASS" start="2025-03-20T22:46:15.115814" elapsed="3.114114"/>
</kw>
<kw name="Set Selenium Implicit Wait" owner="SeleniumLibrary">
<arg>10</arg>
<doc>Sets the implicit wait value used by Selenium.</doc>
<status status="PASS" start="2025-03-20T22:46:18.230944" elapsed="0.001130"/>
</kw>
<kw name="Maximize Browser Window" owner="SeleniumLibrary">
<doc>Maximizes current browser window.</doc>
<status status="PASS" start="2025-03-20T22:46:18.232074" elapsed="0.031232"/>
</kw>
<kw name="Log To Console" owner="BuiltIn">
<arg>S2: Scroll to “6. Hover” element</arg>
<doc>Logs the given message to the console.</doc>
<status status="PASS" start="2025-03-20T22:46:18.264357" elapsed="0.001008"/>
</kw>
<kw name="Mouse Over" owner="SeleniumLibrary">
<msg time="2025-03-20T22:46:18.266615" level="INFO">Simulating Mouse Over on element '//img[@alt='User Avatar 01']'.</msg>
<arg>${Automationfc_IMG_img1}</arg>
<doc>Simulates hovering the mouse over the element ``locator``.</doc>
<status status="PASS" start="2025-03-20T22:46:18.265365" elapsed="0.307449"/>
</kw>
<kw name="Log To Console" owner="BuiltIn">
<arg>S3: Verify element displays on the screen</arg>
<doc>Logs the given message to the console.</doc>
<status status="PASS" start="2025-03-20T22:46:18.572814" elapsed="0.000000"/>
</kw>
<kw name="Element Should Be Visible" owner="SeleniumLibrary">
<msg time="2025-03-20T22:46:18.592546" level="INFO">Element '//h5[text()='Name: User1']' is displayed.</msg>
<arg>${Automationfc_Verify_img1}</arg>
<doc>Verifies that the element identified by ``locator`` is visible.</doc>
<status status="PASS" start="2025-03-20T22:46:18.572814" elapsed="0.019732"/>
</kw>
<kw name="Log To Console" owner="BuiltIn">
<arg>S4: Scroll to “6. Hover” element to above page, S5: Hover each image in this area, S6: Verify name of the image show correctly (‘User’ + index of image)</arg>
<doc>Logs the given message to the console.</doc>
<status status="PASS" start="2025-03-20T22:46:18.592546" elapsed="0.001036"/>
</kw>
<kw name="Mouse Over" owner="SeleniumLibrary">
<msg time="2025-03-20T22:46:18.593582" level="INFO">Simulating Mouse Over on element '//img[@alt='User Avatar 01']'.</msg>
<arg>${Automationfc_IMG_img1}</arg>
<doc>Simulates hovering the mouse over the element ``locator``.</doc>
<status status="PASS" start="2025-03-20T22:46:18.593582" elapsed="0.268722"/>
</kw>
<kw name="Element Should Be Visible" owner="SeleniumLibrary">
<msg time="2025-03-20T22:46:18.877983" level="INFO">Element '//h5[text()='Name: User1']' is displayed.</msg>
<arg>${Automationfc_Verify_img1}</arg>
<doc>Verifies that the element identified by ``locator`` is visible.</doc>
<status status="PASS" start="2025-03-20T22:46:18.862304" elapsed="0.015679"/>
</kw>
<kw name="Mouse Over" owner="SeleniumLibrary">
<msg time="2025-03-20T22:46:18.877983" level="INFO">Simulating Mouse Over on element '//img[@alt='User Avatar 02']'.</msg>
<arg>${Automationfc_IMG_img2}</arg>
<doc>Simulates hovering the mouse over the element ``locator``.</doc>
<status status="PASS" start="2025-03-20T22:46:18.877983" elapsed="0.281801"/>
</kw>
<kw name="Element Should Be Visible" owner="SeleniumLibrary">
<msg time="2025-03-20T22:46:19.175756" level="INFO">Element '//h5[text()='Name: User2']' is displayed.</msg>
<arg>${Automationfc_Verify_img2}</arg>
<doc>Verifies that the element identified by ``locator`` is visible.</doc>
<status status="PASS" start="2025-03-20T22:46:19.159784" elapsed="0.015972"/>
</kw>
<kw name="Mouse Over" owner="SeleniumLibrary">
<msg time="2025-03-20T22:46:19.175756" level="INFO">Simulating Mouse Over on element '//img[@alt='User Avatar 03']'.</msg>
<arg>${Automationfc_IMG_img3}</arg>
<doc>Simulates hovering the mouse over the element ``locator``.</doc>
<status status="PASS" start="2025-03-20T22:46:19.175756" elapsed="0.281866"/>
</kw>
<kw name="Element Should Be Visible" owner="SeleniumLibrary">
<msg time="2025-03-20T22:46:19.465475" level="INFO">Element '//h5[text()='Name: User3']' is displayed.</msg>
<arg>${Automationfc_Verify_img3}</arg>
<doc>Verifies that the element identified by ``locator`` is visible.</doc>
<status status="PASS" start="2025-03-20T22:46:19.457622" elapsed="0.007853"/>
</kw>
<kw name="Mouse Over" owner="SeleniumLibrary">
<msg time="2025-03-20T22:46:19.473529" level="INFO">Simulating Mouse Over on element '//img[@alt='User Avatar 04']'.</msg>
<arg>${Automationfc_IMG_img4}</arg>
<doc>Simulates hovering the mouse over the element ``locator``.</doc>
<status status="PASS" start="2025-03-20T22:46:19.465475" elapsed="0.277296"/>
</kw>
<kw name="Element Should Be Visible" owner="SeleniumLibrary">
<msg time="2025-03-20T22:46:19.758461" level="INFO">Element '//h5[text()='Name: User4']' is displayed.</msg>
<arg>${Automationfc_Verify_img4}</arg>
<doc>Verifies that the element identified by ``locator`` is visible.</doc>
<status status="PASS" start="2025-03-20T22:46:19.742771" elapsed="0.015690"/>
</kw>
<kw name="Mouse Over" owner="SeleniumLibrary">
<msg time="2025-03-20T22:46:19.758461" level="INFO">Simulating Mouse Over on element '//img[@alt='User Avatar 05']'.</msg>
<arg>${Automationfc_IMG_img5}</arg>
<doc>Simulates hovering the mouse over the element ``locator``.</doc>
<status status="PASS" start="2025-03-20T22:46:19.758461" elapsed="0.283848"/>
</kw>
<kw name="Element Should Be Visible" owner="SeleniumLibrary">
<msg time="2025-03-20T22:46:20.058021" level="INFO">Element '//h5[text()='Name: User5']' is displayed.</msg>
<arg>${Automationfc_Verify_img5}</arg>
<doc>Verifies that the element identified by ``locator`` is visible.</doc>
<status status="PASS" start="2025-03-20T22:46:20.042309" elapsed="0.015712"/>
</kw>
<kw name="Log To Console" owner="BuiltIn">
<arg>S7: On the Tooltip area, hover “Hover over me” link</arg>
<doc>Logs the given message to the console.</doc>
<status status="PASS" start="2025-03-20T22:46:20.058021" elapsed="0.000000"/>
</kw>
<kw name="Mouse Over" owner="SeleniumLibrary">
<msg time="2025-03-20T22:46:20.058021" level="INFO">Simulating Mouse Over on element '//a[text()='Hover over me']'.</msg>
<arg>${Automationfc_A_tooltip}</arg>
<doc>Simulates hovering the mouse over the element ``locator``.</doc>
<status status="PASS" start="2025-03-20T22:46:20.058021" elapsed="0.281780"/>
</kw>
<kw name="Log To Console" owner="BuiltIn">
<arg>S8: Verify the tooltip is “Hooray!”</arg>
<doc>Logs the given message to the console.</doc>
<status status="PASS" start="2025-03-20T22:46:20.339801" elapsed="0.000000"/>
</kw>
<kw name="Get Element Attribute" owner="SeleniumLibrary">
<msg time="2025-03-20T22:46:20.339801" level="INFO">${text_tooltip} = Hooray!</msg>
<var>${text_tooltip}</var>
<arg>${Automationfc_A_tooltip}</arg>
<arg>title</arg>
<doc>Returns the value of ``attribute`` from the element ``locator``.</doc>
<status status="PASS" start="2025-03-20T22:46:20.339801" elapsed="0.000000"/>
</kw>
<kw name="Should Be Equal" owner="BuiltIn">
<arg>${text_tooltip}</arg>
<arg>Hooray!</arg>
<doc>Fails if the given objects are unequal.</doc>
<status status="PASS" start="2025-03-20T22:46:20.339801" elapsed="0.000000"/>
</kw>
<kw name="Log To Console" owner="BuiltIn">
<arg>S9: Double-click on “Double click me” element</arg>
<doc>Logs the given message to the console.</doc>
<status status="PASS" start="2025-03-20T22:46:20.339801" elapsed="0.000000"/>
</kw>
<kw name="Double Click Element" owner="SeleniumLibrary">
<msg time="2025-03-20T22:46:20.339801" level="INFO">Double clicking element '//button[text()='Double click me']'.</msg>
<arg>${Automationfc_Button_DoubleClick}</arg>
<doc>Double clicks the element identified by ``locator``.</doc>
<status status="PASS" start="2025-03-20T22:46:20.339801" elapsed="0.305837"/>
</kw>
<kw name="Log To Console" owner="BuiltIn">
<arg>S10: Verify message “Hello Automation Guys!” displays</arg>
<doc>Logs the given message to the console.</doc>
<status status="PASS" start="2025-03-20T22:46:20.645638" elapsed="0.000000"/>
</kw>
<kw name="Element Should Be Visible" owner="SeleniumLibrary">
<msg time="2025-03-20T22:46:20.661392" level="INFO">Element '//p[text()='Hello Automation Guys!']' is displayed.</msg>
<arg>${Automationfc_Verify_DoubleClick}</arg>
<doc>Verifies that the element identified by ``locator`` is visible.</doc>
<status status="PASS" start="2025-03-20T22:46:20.645638" elapsed="0.015754"/>
</kw>
<kw name="Close Browser" owner="SeleniumLibrary">
<doc>Closes the current browser.</doc>
<status status="PASS" start="2025-03-20T22:46:20.661392" elapsed="2.266479"/>
</kw>
<status status="PASS" start="2025-03-20T22:46:15.114505" elapsed="7.813366"/>
</test>
<status status="PASS" start="2025-03-20T22:46:14.860904" elapsed="8.068190"/>
</suite>
<statistics>
<total>
<stat pass="1" fail="0" skip="0">All Tests</stat>
</total>
<tag>
</tag>
<suite>
<stat pass="1" fail="0" skip="0" id="s1" name="Topic 08 MouseAction">Topic 08 MouseAction</stat>
</suite>
</statistics>
<errors>
</errors>
</robot>
