<?xml version="1.0" encoding="UTF-8"?>
<robot generator="Robot 7.0.1 (Python 3.12.5 on win32)" generated="2025-02-27T20:13:29.571687" rpa="false" schemaversion="5">
<suite id="s1" name="Topic 03 CheckboxRadio" source="C:\Users\xghus\PycharmProjects\demorobot\TestSuite\Homework\Topic_03_CheckboxRadio.robot">
<test id="s1-t1" name="TC04:" line="79">
<kw name="Log To Console" owner="BuiltIn">
<arg>S1:Access https://login.ubuntu.com/</arg>
<doc>Logs the given message to the console.</doc>
<status status="PASS" start="2025-02-27T20:13:29.873292" elapsed="0.000000"/>
</kw>
<kw name="Open Browser" owner="SeleniumLibrary">
<msg time="2025-02-27T20:13:29.873292" level="INFO">Opening browser 'chrome' to base url 'https://login.ubuntu.com/'.</msg>
<arg>${url_ubuntu}</arg>
<arg>${browser}</arg>
<doc>Opens a new browser instance to the optional ``url``.</doc>
<status status="PASS" start="2025-02-27T20:13:29.873292" elapsed="4.717164"/>
</kw>
<kw name="Set Selenium Implicit Wait" owner="SeleniumLibrary">
<arg>30</arg>
<doc>Sets the implicit wait value used by Selenium.</doc>
<status status="PASS" start="2025-02-27T20:13:34.590456" elapsed="0.000000"/>
</kw>
<kw name="Log To Console" owner="BuiltIn">
<arg>S2 Click vaof i don't have an uo account</arg>
<doc>Logs the given message to the console.</doc>
<status status="PASS" start="2025-02-27T20:13:34.590456" elapsed="0.000000"/>
</kw>
<kw name="Select Radio Button" owner="SeleniumLibrary">
<msg time="2025-02-27T20:13:34.590456" level="INFO">Selecting 'create' from radio button 'user-intentions'.</msg>
<msg time="2025-02-27T20:13:35.829574" level="INFO" html="true">&lt;/td&gt;&lt;/tr&gt;&lt;tr&gt;&lt;td colspan="3"&gt;&lt;a href="selenium-screenshot-4.png"&gt;&lt;img src="selenium-screenshot-4.png" width="800px"&gt;&lt;/a&gt;</msg>
<msg time="2025-02-27T20:13:35.829574" level="FAIL">ElementClickInterceptedException: Message: element click intercepted: Element &lt;input type="radio" id="id_new_user" name="user-intentions" tabindex="20" value="create" data-qa-id="user_intention_create"&gt; is not clickable at point (234, 400). Other element would receive the click: &lt;label for="id_new_user" class="new-user"&gt;...&lt;/label&gt;
  (Session info: chrome=133.0.6943.141)
Stacktrace:
	GetHandleVerifier [0x00007FF6FEA0C6A5+28789]
	(No symbol) [0x00007FF6FE975B20]
	(No symbol) [0x00007FF6FE808F9A]
	(No symbol) [0x00007FF6FE8671E9]
	(No symbol) [0x00007FF6FE864BA2]
	(No symbol) [0x00007FF6FE861C51]
	(No symbol) [0x00007FF6FE860B51]
	(No symbol) [0x00007FF6FE852314]
	(No symbol) [0x00007FF6FE88732A]
	(No symbol) [0x00007FF6FE851BC6]
	(No symbol) [0x00007FF6FE887540]
	(No symbol) [0x00007FF6FE8AF7E3]
	(No symbol) [0x00007FF6FE887103]
	(No symbol) [0x00007FF6FE84FFC0]
	(No symbol) [0x00007FF6FE851273]
	GetHandleVerifier [0x00007FF6FED51AED+3458237]
	GetHandleVerifier [0x00007FF6FED6829C+3550316]
	GetHandleVerifier [0x00007FF6FED5DB9D+3507565]
	GetHandleVerifier [0x00007FF6FEAD2C6A+841274]
	(No symbol) [0x00007FF6FE9809EF]
	(No symbol) [0x00007FF6FE97CB34]
	(No symbol) [0x00007FF6FE97CCD6]
	(No symbol) [0x00007FF6FE96C119]
	BaseThreadInitThunk [0x00007FFE5D33E8D7+23]
	RtlUserThreadStart [0x00007FFE5F07BF2C+44]
</msg>
<arg>user-intentions</arg>
<arg>create</arg>
<doc>Sets the radio button group ``group_name`` to ``value``.</doc>
<status status="FAIL" start="2025-02-27T20:13:34.590456" elapsed="1.239118">ElementClickInterceptedException: Message: element click intercepted: Element &lt;input type="radio" id="id_new_user" name="user-intentions" tabindex="20" value="create" data-qa-id="user_intention_create"&gt; is not clickable at point (234, 400). Other element would receive the click: &lt;label for="id_new_user" class="new-user"&gt;...&lt;/label&gt;
  (Session info: chrome=133.0.6943.141)
Stacktrace:
	GetHandleVerifier [0x00007FF6FEA0C6A5+28789]
	(No symbol) [0x00007FF6FE975B20]
	(No symbol) [0x00007FF6FE808F9A]
	(No symbol) [0x00007FF6FE8671E9]
	(No symbol) [0x00007FF6FE864BA2]
	(No symbol) [0x00007FF6FE861C51]
	(No symbol) [0x00007FF6FE860B51]
	(No symbol) [0x00007FF6FE852314]
	(No symbol) [0x00007FF6FE88732A]
	(No symbol) [0x00007FF6FE851BC6]
	(No symbol) [0x00007FF6FE887540]
	(No symbol) [0x00007FF6FE8AF7E3]
	(No symbol) [0x00007FF6FE887103]
	(No symbol) [0x00007FF6FE84FFC0]
	(No symbol) [0x00007FF6FE851273]
	GetHandleVerifier [0x00007FF6FED51AED+3458237]
	GetHandleVerifier [0x00007FF6FED6829C+3550316]
	GetHandleVerifier [0x00007FF6FED5DB9D+3507565]
	GetHandleVerifier [0x00007FF6FEAD2C6A+841274]
	(No symbol) [0x00007FF6FE9809EF]
	(No symbol) [0x00007FF6FE97CB34]
	(No symbol) [0x00007FF6FE97CCD6]
	(No symbol) [0x00007FF6FE96C119]
	BaseThreadInitThunk [0x00007FFE5D33E8D7+23]
	RtlUserThreadStart [0x00007FFE5F07BF2C+44]
</status>
</kw>
<kw name="Log To Console" owner="BuiltIn">
<arg>S3 Click vao cai con lai</arg>
<doc>Logs the given message to the console.</doc>
<status status="NOT RUN" start="2025-02-27T20:13:35.829574" elapsed="0.000000"/>
</kw>
<kw name="Select Radio Button" owner="SeleniumLibrary">
<arg>user-intentions</arg>
<arg>id_returning_user</arg>
<doc>Sets the radio button group ``group_name`` to ``value``.</doc>
<status status="NOT RUN" start="2025-02-27T20:13:35.829574" elapsed="0.000000"/>
</kw>
<status status="FAIL" start="2025-02-27T20:13:29.873292" elapsed="5.956282">ElementClickInterceptedException: Message: element click intercepted: Element &lt;input type="radio" id="id_new_user" name="user-intentions" tabindex="20" value="create" data-qa-id="user_intention_create"&gt; is not clickable at point (234, 400). Other element would receive the click: &lt;label for="id_new_user" class="new-user"&gt;...&lt;/label&gt;
  (Session info: chrome=133.0.6943.141)
Stacktrace:
	GetHandleVerifier [0x00007FF6FEA0C6A5+28789]
	(No symbol) [0x00007FF6FE975B20]
	(No symbol) [0x00007FF6FE808F9A]
	(No symbol) [0x00007FF6FE8671E9]
	(No symbol) [0x00007FF6FE864BA2]
	(No symbol) [0x00007FF6FE861C51]
	(No symbol) [0x00007FF6FE860B51]
	(No symbol) [0x00007FF6FE852314]
	(No symbol) [0x00007FF6FE88732A]
	(No symbol) [0x00007FF6FE851BC6]
	(No symbol) [0x00007FF6FE887540]
	(No symbol) [0x00007FF6FE8AF7E3]
	(No symbol) [0x00007FF6FE887103]
	(No symbol) [0x00007FF6FE84FFC0]
	(No symbol) [0x00007FF6FE851273]
	GetHandleVerifier [0x00007FF6FED51AED+3458237]
	GetHandleVerifier [0x00007FF6FED6829C+3550316]
	GetHandleVerifier [0x00007FF6FED5DB9D+3507565]
	GetHandleVerifier [0x00007FF6FEAD2C6A+841274]
	(No symbol) [0x00007FF6FE9809EF]
	(No symbol) [0x00007FF6FE97CB34]
	(No symbol) [0x00007FF6FE97CCD6]
	(No symbol) [0x00007FF6FE96C119]
	BaseThreadInitThunk [0x00007FFE5D33E8D7+23]
	RtlUserThreadStart [0x00007FFE5F07BF2C+44]
</status>
</test>
<status status="FAIL" start="2025-02-27T20:13:29.587339" elapsed="6.242235"/>
</suite>
<statistics>
<total>
<stat pass="0" fail="1" skip="0">All Tests</stat>
</total>
<tag>
</tag>
<suite>
<stat pass="0" fail="1" skip="0" id="s1" name="Topic 03 CheckboxRadio">Topic 03 CheckboxRadio</stat>
</suite>
</statistics>
<errors>
</errors>
</robot>
