<?xml version="1.0" encoding="UTF-8"?>
<robot generator="Robot 7.2.2 (Python 3.12.5 on win32)" generated="2025-04-28T22:00:01.377789" rpa="false" schemaversion="5">
<suite id="s1" name="Topic 04 DropdownList" source="C:\Users\xghus\PycharmProjects\demorobot\TestSuite\Homework\Topic_04_DropdownList.robot">
<test id="s1-t1" name="TC02 - Custom Dropdown - React + APM =&gt; Not yet" line="97">
<kw name="Log To Console" owner="BuiltIn">
<arg>S1: Open https://demoqa.com/forms</arg>
<doc>Logs the given message to the console.</doc>
<status status="PASS" start="2025-04-28T22:00:01.816174" elapsed="0.000000"/>
</kw>
<kw name="Open Browser" owner="SeleniumLibrary">
<msg time="2025-04-28T22:00:01.816174" level="INFO">Opening browser 'chrome' to base url 'https://demoqa.com/forms'.</msg>
<arg>${url_tc2}</arg>
<arg>${browser}</arg>
<doc>Opens a new browser instance to the optional ``url``.</doc>
<status status="PASS" start="2025-04-28T22:00:01.816174" elapsed="16.795643"/>
</kw>
<kw name="Maximize Browser Window" owner="SeleniumLibrary">
<doc>Maximizes current browser window.</doc>
<status status="PASS" start="2025-04-28T22:00:18.612817" elapsed="0.041509"/>
</kw>
<kw name="Click Element" owner="SeleniumLibrary">
<msg time="2025-04-28T22:00:18.656327" level="INFO">Clicking element '//span[text()='Practice Form']'.</msg>
<arg>${Demoqa_Span_Form}</arg>
<doc>Click the element identified by ``locator``.</doc>
<status status="PASS" start="2025-04-28T22:00:18.654326" elapsed="0.443838"/>
</kw>
<kw name="Scroll Element Into View" owner="SeleniumLibrary">
<arg>${Demoqa_Button_Submit}</arg>
<doc>Scrolls the element identified by ``locator`` into view.</doc>
<status status="PASS" start="2025-04-28T22:00:19.099236" elapsed="0.616483"/>
</kw>
<kw name="Log To Console" owner="BuiltIn">
<arg>S2: Nhập toàn bộ thông tin vào form</arg>
<doc>Logs the given message to the console.</doc>
<status status="PASS" start="2025-04-28T22:00:19.716720" elapsed="0.000999"/>
</kw>
<kw name="Input Text" owner="SeleniumLibrary">
<msg time="2025-04-28T22:00:19.718720" level="INFO">Typing text 'Pham' into text field '//input[@id='firstName']'.</msg>
<arg>${Demoqa_Textbox_FirstName}</arg>
<arg>Pham</arg>
<doc>Types the given ``text`` into the text field identified by ``locator``.</doc>
<status status="PASS" start="2025-04-28T22:00:19.718720" elapsed="0.230871"/>
</kw>
<kw name="Input Text" owner="SeleniumLibrary">
<msg time="2025-04-28T22:00:19.950975" level="INFO">Typing text 'Khanh' into text field '//input[@id='lastName']'.</msg>
<arg>${Demoqa_Textbox_LastName}</arg>
<arg>Khanh</arg>
<doc>Types the given ``text`` into the text field identified by ``locator``.</doc>
<status status="PASS" start="2025-04-28T22:00:19.949591" elapsed="0.159756"/>
</kw>
<kw name="Input Text" owner="SeleniumLibrary">
<msg time="2025-04-28T22:00:20.110558" level="INFO">Typing text 'phamkhanh@gmail.com' into text field '//input[@id='userEmail']'.</msg>
<arg>${Demoqa_Textbox_Email}</arg>
<arg>phamkhanh@gmail.com</arg>
<doc>Types the given ``text`` into the text field identified by ``locator``.</doc>
<status status="PASS" start="2025-04-28T22:00:20.110558" elapsed="0.125752"/>
</kw>
<kw name="Click Element" owner="SeleniumLibrary">
<msg time="2025-04-28T22:00:20.237312" level="INFO">Clicking element '//label[string()='Male']'.</msg>
<arg>${Demoqa_Checkbox_Male}</arg>
<doc>Click the element identified by ``locator``.</doc>
<status status="PASS" start="2025-04-28T22:00:20.237312" elapsed="0.090303"/>
</kw>
<kw name="Input Text" owner="SeleniumLibrary">
<msg time="2025-04-28T22:00:20.329055" level="INFO">Typing text '0337409826' into text field '//input[@id='userNumber']'.</msg>
<arg>${Demoqa_Textbox_Number}</arg>
<arg>0337409826</arg>
<doc>Types the given ``text`` into the text field identified by ``locator``.</doc>
<status status="PASS" start="2025-04-28T22:00:20.329055" elapsed="0.120860"/>
</kw>
<kw name="Click Element" owner="SeleniumLibrary">
<msg time="2025-04-28T22:00:20.450914" level="INFO">Clicking element '//input[@id='dateOfBirthInput']'.</msg>
<arg>${Demoqa_Textbox_Date}</arg>
<doc>Click the element identified by ``locator``.</doc>
<status status="PASS" start="2025-04-28T22:00:20.450914" elapsed="0.145289"/>
</kw>
<kw name="Click Element" owner="SeleniumLibrary">
<msg time="2025-04-28T22:00:20.596203" level="INFO">Clicking element '//option[@value='3']'.</msg>
<arg>//option[@value='3']</arg>
<doc>Click the element identified by ``locator``.</doc>
<status status="PASS" start="2025-04-28T22:00:20.596203" elapsed="0.058965"/>
</kw>
<kw name="Click Element" owner="SeleniumLibrary">
<msg time="2025-04-28T22:00:20.656642" level="INFO">Clicking element '//option[@value='1998']'.</msg>
<arg>//option[@value='1998']</arg>
<doc>Click the element identified by ``locator``.</doc>
<status status="PASS" start="2025-04-28T22:00:20.655168" elapsed="0.046483"/>
</kw>
<kw name="Click Element" owner="SeleniumLibrary">
<msg time="2025-04-28T22:00:20.703082" level="INFO">Clicking element '//div[@aria-label='Choose Tuesday, April 7th, 1998']'.</msg>
<arg>//div[@aria-label='Choose Tuesday, April 7th, 1998']</arg>
<doc>Click the element identified by ``locator``.</doc>
<status status="PASS" start="2025-04-28T22:00:20.701651" elapsed="0.092127"/>
</kw>
<kw name="Input Text" owner="SeleniumLibrary">
<msg time="2025-04-28T22:00:20.795135" level="INFO">Typing text 'English' into text field '//input[@id='subjectsInput']'.</msg>
<arg>${Demoqa_Textbox_Subject}</arg>
<arg>English</arg>
<doc>Types the given ``text`` into the text field identified by ``locator``.</doc>
<status status="PASS" start="2025-04-28T22:00:20.795135" elapsed="0.143361"/>
</kw>
<kw name="Press Keys" owner="SeleniumLibrary">
<msg time="2025-04-28T22:00:20.939495" level="INFO">Sending key(s) ('ENTER',) to page.</msg>
<msg time="2025-04-28T22:00:20.940497" level="INFO">Pressing special key ENTER to browser.</msg>
<msg time="2025-04-28T22:00:20.940497" level="INFO">Releasing special key ENTER.</msg>
<arg>None</arg>
<arg>ENTER</arg>
<doc>Simulates the user pressing key(s) to an element or on the active browser.</doc>
<status status="PASS" start="2025-04-28T22:00:20.938496" elapsed="0.024958"/>
</kw>
<kw name="Click Element" owner="SeleniumLibrary">
<msg time="2025-04-28T22:00:20.964459" level="INFO">Clicking element '//label[string()='Sports']'.</msg>
<arg>${Demoqa_Checkbox_Sports}</arg>
<doc>Click the element identified by ``locator``.</doc>
<status status="PASS" start="2025-04-28T22:00:20.963454" elapsed="0.076622"/>
</kw>
<kw name="Choose File" owner="SeleniumLibrary">
<msg time="2025-04-28T22:00:21.041155" level="INFO">Sending C:\Users\xghus\PycharmProjects\demorobot\TestData\img.jpg to browser.</msg>
<arg>${Demoqa_UploadFile_Picture}</arg>
<arg>${EXECDIR}\\TestData\\img.jpg</arg>
<doc>Inputs the ``file_path`` into the file input field ``locator``.</doc>
<status status="PASS" start="2025-04-28T22:00:21.040076" elapsed="0.042546"/>
</kw>
<kw name="Input Text" owner="SeleniumLibrary">
<msg time="2025-04-28T22:00:21.083771" level="INFO">Typing text 'Tay Ho, Ha Noi' into text field '//textarea[@id='currentAddress']'.</msg>
<arg>${Demoqa_TextArea_Address}</arg>
<arg>Tay Ho, Ha Noi</arg>
<doc>Types the given ``text`` into the text field identified by ``locator``.</doc>
<status status="PASS" start="2025-04-28T22:00:21.082622" elapsed="0.171802"/>
</kw>
<kw name="Scroll To The Bottom">
<kw name="Execute Javascript" owner="SeleniumLibrary">
<msg time="2025-04-28T22:00:21.259451" level="INFO">Executing JavaScript:
window.scrollTo(0, document.body.scrollHeight)
Without any arguments.</msg>
<arg>window.scrollTo(0, document.body.scrollHeight)</arg>
<doc>Executes the given JavaScript code with possible arguments.</doc>
<status status="PASS" start="2025-04-28T22:00:21.257876" elapsed="0.011832"/>
</kw>
<status status="PASS" start="2025-04-28T22:00:21.255428" elapsed="0.015279"/>
</kw>
<kw name="Click Element" owner="SeleniumLibrary">
<msg time="2025-04-28T22:00:21.271976" level="INFO">Clicking element '//div[text()='Select State']'.</msg>
<arg>//div[text()='Select State']</arg>
<doc>Click the element identified by ``locator``.</doc>
<status status="PASS" start="2025-04-28T22:00:21.270707" elapsed="0.100773"/>
</kw>
<kw name="Click Element" owner="SeleniumLibrary">
<msg time="2025-04-28T22:00:21.372910" level="INFO">Clicking element '//div[text()='NCR']'.</msg>
<arg>//div[text()='NCR']</arg>
<doc>Click the element identified by ``locator``.</doc>
<status status="PASS" start="2025-04-28T22:00:21.371480" elapsed="0.078072"/>
</kw>
<kw name="Click Element" owner="SeleniumLibrary">
<msg time="2025-04-28T22:00:21.450552" level="INFO">Clicking element '//div[text()='Select City']'.</msg>
<arg>//div[text()='Select City']</arg>
<doc>Click the element identified by ``locator``.</doc>
<status status="PASS" start="2025-04-28T22:00:21.449552" elapsed="0.114416"/>
</kw>
<kw name="Click Element" owner="SeleniumLibrary">
<msg time="2025-04-28T22:00:21.564526" level="INFO">Clicking element '//div[text()='Delhi']'.</msg>
<arg>//div[text()='Delhi']</arg>
<doc>Click the element identified by ``locator``.</doc>
<status status="PASS" start="2025-04-28T22:00:21.564526" elapsed="0.069412"/>
</kw>
<kw name="Click Button" owner="SeleniumLibrary">
<msg time="2025-04-28T22:00:21.635093" level="INFO">Clicking button '//button[@id='submit']'.</msg>
<arg>${Demoqa_Button_Submit}</arg>
<doc>Clicks the button identified by ``locator``.</doc>
<status status="PASS" start="2025-04-28T22:00:21.635093" elapsed="0.122226"/>
</kw>
<kw name="Log To Console" owner="BuiltIn">
<arg>S3: Verify</arg>
<doc>Logs the given message to the console.</doc>
<status status="PASS" start="2025-04-28T22:00:21.758486" elapsed="0.000000"/>
</kw>
<kw name="Element Should Be Visible" owner="SeleniumLibrary">
<msg time="2025-04-28T22:00:21.932422" level="INFO">Element '//div[@class='table-responsive']//td[text()='Pham Khanh']' is displayed.</msg>
<arg>//div[@class='table-responsive']//td[text()='Pham Khanh']</arg>
<doc>Verifies that the element identified by ``locator`` is visible.</doc>
<status status="PASS" start="2025-04-28T22:00:21.758486" elapsed="0.174952"/>
</kw>
<kw name="Element Should Be Visible" owner="SeleniumLibrary">
<msg time="2025-04-28T22:00:21.959252" level="INFO">Element '//div[@class='table-responsive']//td[text()='phamkhanh@gmail.com']' is displayed.</msg>
<arg>//div[@class='table-responsive']//td[text()='phamkhanh@gmail.com']</arg>
<doc>Verifies that the element identified by ``locator`` is visible.</doc>
<status status="PASS" start="2025-04-28T22:00:21.933438" elapsed="0.026851"/>
</kw>
<kw name="Element Should Be Visible" owner="SeleniumLibrary">
<msg time="2025-04-28T22:00:21.978877" level="INFO">Element '//div[@class='table-responsive']//td[text()='Male']' is displayed.</msg>
<arg>//div[@class='table-responsive']//td[text()='Male']</arg>
<doc>Verifies that the element identified by ``locator`` is visible.</doc>
<status status="PASS" start="2025-04-28T22:00:21.960289" elapsed="0.018588"/>
</kw>
<kw name="Element Should Be Visible" owner="SeleniumLibrary">
<msg time="2025-04-28T22:00:21.998917" level="INFO">Element '//div[@class='table-responsive']//td[text()='0337409826']' is displayed.</msg>
<arg>//div[@class='table-responsive']//td[text()='0337409826']</arg>
<doc>Verifies that the element identified by ``locator`` is visible.</doc>
<status status="PASS" start="2025-04-28T22:00:21.978877" elapsed="0.020040"/>
</kw>
<kw name="Element Should Be Visible" owner="SeleniumLibrary">
<msg time="2025-04-28T22:00:22.017299" level="INFO">Element '//div[@class='table-responsive']//td[text()='07 April,1998']' is displayed.</msg>
<arg>//div[@class='table-responsive']//td[text()='07 April,1998']</arg>
<doc>Verifies that the element identified by ``locator`` is visible.</doc>
<status status="PASS" start="2025-04-28T22:00:21.998917" elapsed="0.018382"/>
</kw>
<kw name="Element Should Be Visible" owner="SeleniumLibrary">
<msg time="2025-04-28T22:00:22.039902" level="INFO">Element '//div[@class='table-responsive']//td[text()='English']' is displayed.</msg>
<arg>//div[@class='table-responsive']//td[text()='English']</arg>
<doc>Verifies that the element identified by ``locator`` is visible.</doc>
<status status="PASS" start="2025-04-28T22:00:22.018309" elapsed="0.023107"/>
</kw>
<kw name="Element Should Be Visible" owner="SeleniumLibrary">
<msg time="2025-04-28T22:00:22.064044" level="INFO">Element '//div[@class='table-responsive']//td[text()='Sports']' is displayed.</msg>
<arg>//div[@class='table-responsive']//td[text()='Sports']</arg>
<doc>Verifies that the element identified by ``locator`` is visible.</doc>
<status status="PASS" start="2025-04-28T22:00:22.042418" elapsed="0.021626"/>
</kw>
<kw name="Element Should Be Visible" owner="SeleniumLibrary">
<msg time="2025-04-28T22:00:22.084293" level="INFO">Element '//div[@class='table-responsive']//td[text()='img.jpg']' is displayed.</msg>
<arg>//div[@class='table-responsive']//td[text()='img.jpg']</arg>
<doc>Verifies that the element identified by ``locator`` is visible.</doc>
<status status="PASS" start="2025-04-28T22:00:22.065073" elapsed="0.019220"/>
</kw>
<kw name="Element Should Be Visible" owner="SeleniumLibrary">
<msg time="2025-04-28T22:00:22.100477" level="INFO">Element '//div[@class='table-responsive']//td[text()='Tay Ho, Ha Noi']' is displayed.</msg>
<arg>//div[@class='table-responsive']//td[text()='Tay Ho, Ha Noi']</arg>
<doc>Verifies that the element identified by ``locator`` is visible.</doc>
<status status="PASS" start="2025-04-28T22:00:22.084293" elapsed="0.017330"/>
</kw>
<kw name="Element Should Be Visible" owner="SeleniumLibrary">
<msg time="2025-04-28T22:00:22.118229" level="INFO">Element '//div[@class='table-responsive']//td[text()='NCR Delhi']' is displayed.</msg>
<arg>//div[@class='table-responsive']//td[text()='NCR Delhi']</arg>
<doc>Verifies that the element identified by ``locator`` is visible.</doc>
<status status="PASS" start="2025-04-28T22:00:22.101623" elapsed="0.016606"/>
</kw>
<kw name="Close Browser" owner="SeleniumLibrary">
<doc>Closes the current browser.</doc>
<status status="PASS" start="2025-04-28T22:00:22.118229" elapsed="2.320375"/>
</kw>
<status status="PASS" start="2025-04-28T22:00:01.816174" elapsed="22.622430"/>
</test>
<status status="PASS" start="2025-04-28T22:00:01.421085" elapsed="23.017519"/>
</suite>
<statistics>
<total>
<stat pass="1" fail="0" skip="0">All Tests</stat>
</total>
<tag>
</tag>
<suite>
<stat name="Topic 04 DropdownList" id="s1" pass="1" fail="0" skip="0">Topic 04 DropdownList</stat>
</suite>
</statistics>
<errors>
</errors>
</robot>
