<?xml version="1.0" encoding="UTF-8"?>
<robot generator="Robot 7.0.1 (Python 3.12.5 on win32)" generated="2025-03-03T20:41:22.723273" rpa="false" schemaversion="5">
<suite id="s1" name="Topic 04 DropdownList" source="C:\Users\xghus\PycharmProjects\demorobot\TestSuite\Homework\Topic_04_DropdownList.robot">
<test id="s1-t1" name="TC03 - Custom Dropdown - JQuery" line="117">
<kw name="Log To Console" owner="BuiltIn">
<arg>S1: Open https://jqueryui.com/resources/demos/selectmenu/default.html</arg>
<doc>Logs the given message to the console.</doc>
<status status="PASS" start="2025-03-03T20:41:23.068189" elapsed="0.000000"/>
</kw>
<kw name="Open Browser" owner="SeleniumLibrary">
<msg time="2025-03-03T20:41:23.068189" level="INFO">Opening browser 'chrome' to base url 'https://jqueryui.com/resources/demos/selectmenu/default.html'.</msg>
<arg>${url_tc3}</arg>
<arg>${browser}</arg>
<doc>Opens a new browser instance to the optional ``url``.</doc>
<status status="PASS" start="2025-03-03T20:41:23.068189" elapsed="3.020284"/>
</kw>
<kw name="Log To Console" owner="BuiltIn">
<arg>S2: Select speed = Faster</arg>
<doc>Logs the given message to the console.</doc>
<status status="PASS" start="2025-03-03T20:41:26.090485" elapsed="0.000000"/>
</kw>
<kw name="Select From List By Value" owner="SeleniumLibrary">
<msg time="2025-03-03T20:41:26.090485" level="INFO">Selecting options from selection list '//span[@id='speed-button']' by value Faster.</msg>
<msg time="2025-03-03T20:41:26.272562" level="INFO" html="true">&lt;/td&gt;&lt;/tr&gt;&lt;tr&gt;&lt;td colspan="3"&gt;&lt;a href="selenium-screenshot-4.png"&gt;&lt;img src="selenium-screenshot-4.png" width="800px"&gt;&lt;/a&gt;</msg>
<msg time="2025-03-03T20:41:26.272562" level="FAIL">List with locator '//span[@id='speed-button']' not found.</msg>
<arg>${Jquery_Select_Speed}</arg>
<arg>Faster</arg>
<doc>Selects options from selection list ``locator`` by ``values``.</doc>
<status status="FAIL" start="2025-03-03T20:41:26.090485" elapsed="0.182077">List with locator '//span[@id='speed-button']' not found.</status>
</kw>
<kw name="Close Browser" owner="SeleniumLibrary">
<doc>Closes the current browser.</doc>
<status status="NOT RUN" start="2025-03-03T20:41:26.272562" elapsed="0.000000"/>
</kw>
<status status="FAIL" start="2025-03-03T20:41:23.068189" elapsed="3.204373">List with locator '//span[@id='speed-button']' not found.</status>
</test>
<status status="FAIL" start="2025-03-03T20:41:22.771924" elapsed="3.500638"/>
</suite>
<statistics>
<total>
<stat pass="0" fail="1" skip="0">All Tests</stat>
</total>
<tag>
</tag>
<suite>
<stat pass="0" fail="1" skip="0" id="s1" name="Topic 04 DropdownList">Topic 04 DropdownList</stat>
</suite>
</statistics>
<errors>
</errors>
</robot>
