<?xml version="1.0" encoding="UTF-8"?>
<robot generator="Robot 7.0.1 (Python 3.12.5 on win32)" generated="2025-03-04T21:51:26.858473" rpa="false" schemaversion="5">
<suite id="s1" name="Topic 03 CheckboxRadio" source="C:\Users\xghus\PycharmProjects\demorobot\TestSuite\Homework\Topic_03_CheckboxRadio.robot">
<test id="s1-t1" name="TC04:" line="89">
<kw name="Log To Console" owner="BuiltIn">
<arg>S1:Access https://login.ubuntu.com/</arg>
<doc>Logs the given message to the console.</doc>
<status status="PASS" start="2025-03-04T21:51:27.082552" elapsed="0.000000"/>
</kw>
<kw name="Open Browser" owner="SeleniumLibrary">
<msg time="2025-03-04T21:51:27.082552" level="INFO">Opening browser 'chrome' to base url 'https://login.ubuntu.com/'.</msg>
<arg>${url_ubuntu}</arg>
<arg>${browser}</arg>
<doc>Opens a new browser instance to the optional ``url``.</doc>
<status status="PASS" start="2025-03-04T21:51:27.082552" elapsed="4.494808"/>
</kw>
<kw name="Set Selenium Implicit Wait" owner="SeleniumLibrary">
<arg>30</arg>
<doc>Sets the implicit wait value used by Selenium.</doc>
<status status="PASS" start="2025-03-04T21:51:31.577360" elapsed="0.000000"/>
</kw>
<kw name="Log To Console" owner="BuiltIn">
<arg>S2 Click i don't have an uo account</arg>
<doc>Logs the given message to the console.</doc>
<status status="PASS" start="2025-03-04T21:51:31.577360" elapsed="0.000000"/>
</kw>
<kw name="Click Element" owner="SeleniumLibrary">
<msg time="2025-03-04T21:51:31.577360" level="INFO">Clicking element '//label[string()='I don’t have an Ubuntu One account']'.</msg>
<arg>//label[string()='I don’t have an Ubuntu One account']</arg>
<doc>Click the element identified by ``locator``.</doc>
<status status="PASS" start="2025-03-04T21:51:31.577360" elapsed="0.071517"/>
</kw>
<kw name="Log To Console" owner="BuiltIn">
<arg>S3 Click I have an Ubuntu One account and my password is:</arg>
<doc>Logs the given message to the console.</doc>
<status status="PASS" start="2025-03-04T21:51:31.649907" elapsed="0.000000"/>
</kw>
<kw name="Click Element" owner="SeleniumLibrary">
<msg time="2025-03-04T21:51:31.649907" level="INFO">Clicking element '//label[@class='returning-user']'.</msg>
<arg>//label[@class='returning-user']</arg>
<doc>Click the element identified by ``locator``.</doc>
<status status="PASS" start="2025-03-04T21:51:31.649907" elapsed="0.047593"/>
</kw>
<kw name="Close Browser" owner="SeleniumLibrary">
<doc>Closes the current browser.</doc>
<status status="PASS" start="2025-03-04T21:51:31.697500" elapsed="2.159882"/>
</kw>
<status status="PASS" start="2025-03-04T21:51:27.082552" elapsed="6.774830"/>
</test>
<status status="PASS" start="2025-03-04T21:51:26.878145" elapsed="6.979237"/>
</suite>
<statistics>
<total>
<stat pass="1" fail="0" skip="0">All Tests</stat>
</total>
<tag>
</tag>
<suite>
<stat pass="1" fail="0" skip="0" id="s1" name="Topic 03 CheckboxRadio">Topic 03 CheckboxRadio</stat>
</suite>
</statistics>
<errors>
</errors>
</robot>
