<?xml version="1.0" encoding="UTF-8"?>
<robot generator="Robot 7.0.1 (Python 3.12.5 on win32)" generated="2025-03-12T21:47:55.747265" rpa="false" schemaversion="5">
<suite id="s1" name="Topic 06 UploadFile" source="C:\Users\xghus\PycharmProjects\demorobot\TestSuite\Homework\Topic_06_UploadFile.robot">
<test id="s1-t1" name="TC02 - Handle Upload File By Choose File Action" line="49">
<kw name="Log To Console" owner="BuiltIn">
<arg>S1: Open https://blueimp.github.io/jQuery-File-Upload/</arg>
<doc>Logs the given message to the console.</doc>
<status status="PASS" start="2025-03-12T21:47:55.976355" elapsed="0.000000"/>
</kw>
<kw name="Open Browser" owner="SeleniumLibrary">
<msg time="2025-03-12T21:47:55.988977" level="INFO">Opening browser 'chrome' to base url 'https://blueimp.github.io/jQuery-File-Upload/'.</msg>
<arg>${url_tc2}</arg>
<arg>${browser}</arg>
<doc>Opens a new browser instance to the optional ``url``.</doc>
<status status="PASS" start="2025-03-12T21:47:55.976355" elapsed="2.452889"/>
</kw>
<kw name="Maximize Browser Window" owner="SeleniumLibrary">
<doc>Maximizes current browser window.</doc>
<status status="PASS" start="2025-03-12T21:47:58.430337" elapsed="0.034157"/>
</kw>
<kw name="Log To Console" owner="BuiltIn">
<arg>S2: Upload 3 images consequently</arg>
<doc>Logs the given message to the console.</doc>
<status status="PASS" start="2025-03-12T21:47:58.464494" elapsed="0.001000"/>
</kw>
<kw name="Choose File" owner="SeleniumLibrary">
<msg time="2025-03-12T21:47:58.466491" level="INFO">Sending C:\Users\xghus\PycharmProjects\demorobot\TestData\img.jpg to browser.</msg>
<arg>${Bluimp_Button_AddFiles}</arg>
<arg>${file_path1}</arg>
<doc>Inputs the ``file_path`` into the file input field ``locator``.</doc>
<status status="PASS" start="2025-03-12T21:47:58.465494" elapsed="0.073152"/>
</kw>
<kw name="Choose File" owner="SeleniumLibrary">
<msg time="2025-03-12T21:47:58.539711" level="INFO">Sending C:\Users\xghus\PycharmProjects\demorobot\TestData\img2.jpg to browser.</msg>
<arg>${Bluimp_Button_AddFiles}</arg>
<arg>${file_path2}</arg>
<doc>Inputs the ``file_path`` into the file input field ``locator``.</doc>
<status status="PASS" start="2025-03-12T21:47:58.539711" elapsed="0.041766"/>
</kw>
<kw name="Choose File" owner="SeleniumLibrary">
<msg time="2025-03-12T21:47:58.582480" level="INFO">Sending C:\Users\xghus\PycharmProjects\demorobot\TestData\img3.jpg to browser.</msg>
<arg>${Bluimp_Button_AddFiles}</arg>
<arg>${file_path3}</arg>
<doc>Inputs the ``file_path`` into the file input field ``locator``.</doc>
<status status="PASS" start="2025-03-12T21:47:58.582480" elapsed="0.041470"/>
</kw>
<kw name="Log To Console" owner="BuiltIn">
<arg>S3: Verify 3 names of images show correctly</arg>
<doc>Logs the given message to the console.</doc>
<status status="PASS" start="2025-03-12T21:47:58.626094" elapsed="0.002037"/>
</kw>
<kw name="Page Should Contain Element" owner="SeleniumLibrary">
<msg time="2025-03-12T21:47:58.652862" level="INFO">Current page contains element '//p[text()='img.jpg']'.</msg>
<arg>${Verify_Img}</arg>
<doc>Verifies that element ``locator`` is found on the current page.</doc>
<status status="PASS" start="2025-03-12T21:47:58.629130" elapsed="0.024691"/>
</kw>
<kw name="Page Should Contain Element" owner="SeleniumLibrary">
<msg time="2025-03-12T21:47:58.667901" level="INFO">Current page contains element '//p[text()='img2.jpg']'.</msg>
<arg>${Verify_Img2}</arg>
<doc>Verifies that element ``locator`` is found on the current page.</doc>
<status status="PASS" start="2025-03-12T21:47:58.653821" elapsed="0.014080"/>
</kw>
<kw name="Page Should Contain Element" owner="SeleniumLibrary">
<msg time="2025-03-12T21:47:58.680670" level="INFO">Current page contains element '//p[text()='img3.jpg']'.</msg>
<arg>${Verify_Img3}</arg>
<doc>Verifies that element ``locator`` is found on the current page.</doc>
<status status="PASS" start="2025-03-12T21:47:58.668905" elapsed="0.011765"/>
</kw>
<kw name="Log To Console" owner="BuiltIn">
<arg>S4: Click on Start button</arg>
<doc>Logs the given message to the console.</doc>
<status status="PASS" start="2025-03-12T21:47:58.680670" elapsed="0.001406"/>
</kw>
<kw name="Click Element" owner="SeleniumLibrary">
<msg time="2025-03-12T21:47:58.682076" level="INFO">Clicking element '//p[text()='img.jpg']/../..//span[text()='Start']'.</msg>
<arg>${Bluimp_Button_Start}</arg>
<doc>Click the element identified by ``locator``.</doc>
<status status="PASS" start="2025-03-12T21:47:58.682076" elapsed="0.064458"/>
</kw>
<kw name="Click Element" owner="SeleniumLibrary">
<msg time="2025-03-12T21:47:58.746534" level="INFO">Clicking element '//p[text()='img2.jpg']/../..//span[text()='Start']'.</msg>
<arg>${Bluimp_Button_Start2}</arg>
<doc>Click the element identified by ``locator``.</doc>
<status status="PASS" start="2025-03-12T21:47:58.746534" elapsed="0.028272"/>
</kw>
<kw name="Click Element" owner="SeleniumLibrary">
<msg time="2025-03-12T21:47:58.774806" level="INFO">Clicking element '//p[text()='img3.jpg']/../..//span[text()='Start']'.</msg>
<arg>${Bluimp_Button_Start3}</arg>
<doc>Click the element identified by ``locator``.</doc>
<status status="PASS" start="2025-03-12T21:47:58.774806" elapsed="0.050351"/>
</kw>
<kw name="Sleep" owner="BuiltIn">
<msg time="2025-03-12T21:48:03.825344" level="INFO">Slept 5 seconds.</msg>
<arg>5</arg>
<doc>Pauses the test executed for the given time.</doc>
<status status="PASS" start="2025-03-12T21:47:58.825157" elapsed="5.000187"/>
</kw>
<kw name="Log To Console" owner="BuiltIn">
<arg>S5: Verify 3 images are uploaded successfully</arg>
<doc>Logs the given message to the console.</doc>
<status status="PASS" start="2025-03-12T21:48:03.826574" elapsed="0.000000"/>
</kw>
<kw name="Page Should Contain Element" owner="SeleniumLibrary">
<msg time="2025-03-12T21:48:03.845873" level="INFO">Current page contains element '//a[text()='img.jpg']/../../..//span[text()='Delete']'.</msg>
<arg>${Bluimp_Verify_Img}</arg>
<doc>Verifies that element ``locator`` is found on the current page.</doc>
<status status="PASS" start="2025-03-12T21:48:03.827587" elapsed="0.018286"/>
</kw>
<kw name="Page Should Contain Element" owner="SeleniumLibrary">
<msg time="2025-03-12T21:48:03.856012" level="INFO">Current page contains element '//a[text()='img2.jpg']/../../..//span[text()='Delete']'.</msg>
<arg>${Bluimp_Verify_Img2}</arg>
<doc>Verifies that element ``locator`` is found on the current page.</doc>
<status status="PASS" start="2025-03-12T21:48:03.846877" elapsed="0.009135"/>
</kw>
<kw name="Page Should Contain Element" owner="SeleniumLibrary">
<msg time="2025-03-12T21:48:03.866740" level="INFO">Current page contains element '//a[text()='img3.jpg']/../../..//span[text()='Delete']'.</msg>
<arg>${Bluimp_Verify_Img3}</arg>
<doc>Verifies that element ``locator`` is found on the current page.</doc>
<status status="PASS" start="2025-03-12T21:48:03.856012" elapsed="0.010728"/>
</kw>
<kw name="Close Browser" owner="SeleniumLibrary">
<doc>Closes the current browser.</doc>
<status status="PASS" start="2025-03-12T21:48:03.866740" elapsed="2.246904"/>
</kw>
<status status="PASS" start="2025-03-12T21:47:55.976355" elapsed="10.137289"/>
</test>
<status status="PASS" start="2025-03-12T21:47:55.763233" elapsed="10.350411"/>
</suite>
<statistics>
<total>
<stat pass="1" fail="0" skip="0">All Tests</stat>
</total>
<tag>
</tag>
<suite>
<stat pass="1" fail="0" skip="0" id="s1" name="Topic 06 UploadFile">Topic 06 UploadFile</stat>
</suite>
</statistics>
<errors>
</errors>
</robot>
